<?xml version="1.0" encoding="UTF-8"?>
<!-- Generated by org.testng.reporters.JUnitReportReporter -->
<testsuite hostname="DESKTOP-0RV8SGU" failures="0" tests="1" name="driverfactory.DriverScript" time="17.217" errors="0" timestamp="2023-10-09T15:03:16 IST" skipped="0">
  <testcase classname="driverfactory.DriverScript" name="starttest" time="17.217">
    <system-out>
      <![CDATA[No.of rows are::10
Login success::dashboard    http://orangehrm.qedgetech.com/symfony/web/index.php/dashboard
Login failed::dashboard    http://orangehrm.qedgetech.com/symfony/web/index.php/auth/validateCredentials
Login failed::dashboard    http://orangehrm.qedgetech.com/symfony/web/index.php/auth/validateCredentials
Login failed::dashboard    http://orangehrm.qedgetech.com/symfony/web/index.php/auth/login
Login success::dashboard    http://orangehrm.qedgetech.com/symfony/web/index.php/dashboard
Login failed::dashboard    http://orangehrm.qedgetech.com/symfony/web/index.php/auth/login
Login success::dashboard    http://orangehrm.qedgetech.com/symfony/web/index.php/dashboard
Login failed::dashboard    http://orangehrm.qedgetech.com/symfony/web/index.php/auth/login
Login success::dashboard    http://orangehrm.qedgetech.com/symfony/web/index.php/dashboard
Login failed::dashboard    http://orangehrm.qedgetech.com/symfony/web/index.php/auth/validateCredentials]]>
    </system-out>
  </testcase> <!-- starttest -->
  <system-out>
    <![CDATA[No.of rows are::10
Login success::dashboard    http://orangehrm.qedgetech.com/symfony/web/index.php/dashboard
Login failed::dashboard    http://orangehrm.qedgetech.com/symfony/web/index.php/auth/validateCredentials
Login failed::dashboard    http://orangehrm.qedgetech.com/symfony/web/index.php/auth/validateCredentials
Login failed::dashboard    http://orangehrm.qedgetech.com/symfony/web/index.php/auth/login
Login success::dashboard    http://orangehrm.qedgetech.com/symfony/web/index.php/dashboard
Login failed::dashboard    http://orangehrm.qedgetech.com/symfony/web/index.php/auth/login
Login success::dashboard    http://orangehrm.qedgetech.com/symfony/web/index.php/dashboard
Login failed::dashboard    http://orangehrm.qedgetech.com/symfony/web/index.php/auth/login
Login success::dashboard    http://orangehrm.qedgetech.com/symfony/web/index.php/dashboard
Login failed::dashboard    http://orangehrm.qedgetech.com/symfony/web/index.php/auth/validateCredentials]]>
  </system-out>
</testsuite> <!-- driverfactory.DriverScript -->
